<?xml version="1.0" encoding="UTF-8"?>
<!-- Generated by org.testng.reporters.JUnitXMLReporter -->
<testsuite hostname="PRAMODKUMAR-PC" name="Test7" tests="15" failures="0" timestamp="11 Apr 2017 08:29:47 GMT" time="129.647" errors="0">
  <testcase name="ADminTest" time="0.005" classname="extra.BeforeMethodAndAfterMethod4"/>
  <testcase name="PRAmod" time="0.002" classname="extra.BeforeMethodAndAfterMethod4"/>
  <testcase name="createLoginTest" time="0.002" classname="extra.BeforeMethodAndAfterMethod4"/>
  <testcase name="createLogoutTest" time="0.006" classname="extra.BeforeMethodAndAfterMethod4"/>
  <testcase name="createcustomertest" time="0.001" classname="extra.BeforeMethodAndAfterMethod4"/>
  <testcase name="createprojecttest" time="0.001" classname="extra.BeforeMethodAndAfterMethod4"/>
  <testcase name="createusertest" time="0.007" classname="extra.BeforeMethodAndAfterMethod4"/>
  <testcase name="f1" time="0.001" classname="extra.DemoTest"/>
  <testcase name="f2" time="0.001" classname="extra.DemoTest"/>
  <testcase name="f3" time="0.004" classname="extra.DemoTest"/>
  <testcase name="f4" time="0.006" classname="extra.DemoTest"/>
  <testcase name="CreateReportTest" time="0.029" classname="extra.GroupingExecutionReportTest"/>
  <testcase name="ModifyCustomerTest" time="0.0" classname="extra.GroupingExecutionReportTest"/>
  <testcase name="verifyNaukriLoginPage" time="77.215" classname="gmailAppTestCase.NaukariLoginLogout"/>
  <testcase name="createFacebookId" time="52.312" classname="facebookAppTestCase.Createfacebookid"/>
</testsuite> <!-- Test7 -->
