<?xml version="1.0" encoding="UTF-8"?>
<!-- Generated by org.testng.reporters.JUnitXMLReporter -->
<testsuite hostname="PRAMODKUMAR-PC" name="Test4" tests="13" failures="0" timestamp="11 Apr 2017 08:27:24 GMT" time="0.093" errors="0">
  <testcase name="ADminTest" time="0.0" classname="extra.BeforeMethodAndAfterMethod4"/>
  <testcase name="PRAmod" time="0.0" classname="extra.BeforeMethodAndAfterMethod4"/>
  <testcase name="createLoginTest" time="0.0" classname="extra.BeforeMethodAndAfterMethod4"/>
  <testcase name="createLogoutTest" time="0.015" classname="extra.BeforeMethodAndAfterMethod4"/>
  <testcase name="createcustomertest" time="0.0" classname="extra.BeforeMethodAndAfterMethod4"/>
  <testcase name="createprojecttest" time="0.0" classname="extra.BeforeMethodAndAfterMethod4"/>
  <testcase name="createusertest" time="0.0" classname="extra.BeforeMethodAndAfterMethod4"/>
  <testcase name="f1" time="0.0" classname="extra.DemoTest"/>
  <testcase name="f2" time="0.0" classname="extra.DemoTest"/>
  <testcase name="f3" time="0.0" classname="extra.DemoTest"/>
  <testcase name="f4" time="0.0" classname="extra.DemoTest"/>
  <testcase name="CreateReportTest" time="0.015" classname="extra.GroupingExecutionReportTest"/>
  <testcase name="ModifyCustomerTest" time="0.0" classname="extra.GroupingExecutionReportTest"/>
</testsuite> <!-- Test4 -->
