<?xml version="1.0" encoding="UTF-8"?>
<testng-results total="1" passed="1" failed="0" skipped="0">
  <reporter-output>
  </reporter-output>
  <suite started-at="2018-03-24T06:36:25Z" name="Default suite" finished-at="2018-03-24T06:37:52Z" duration-ms="87499">
    <groups>
    </groups>
    <test started-at="2018-03-24T06:36:25Z" name="Default test" finished-at="2018-03-24T06:37:52Z" duration-ms="87499">
      <class name="com.actitime.ProjectAndCustomerTest.ProjectAndCustomerTest6Old">
        <test-method signature="CreateCustomerTest()[pri:0, instance:com.actitime.ProjectAndCustomerTest.ProjectAndCustomerTest6Old@683dbc2c]" started-at="2018-03-24T12:06:25Z" name="CreateCustomerTest" finished-at="2018-03-24T12:07:52Z" duration-ms="87474" status="PASS">
          <reporter-output>
          </reporter-output>
        </test-method> <!-- CreateCustomerTest -->
      </class> <!-- com.actitime.ProjectAndCustomerTest.ProjectAndCustomerTest6Old -->
    </test> <!-- Default test -->
  </suite> <!-- Default suite -->
</testng-results>
